{"/Users/aimemalaika/Documents/Microverse/awesome-tv/src/component/Comment.js": {"path":"/Users/aimemalaika/Documents/Microverse/awesome-tv/src/component/Comment.js","statementMap":{"0":{"start":{"line":3,"column":4},"end":{"line":3,"column":29}},"1":{"start":{"line":4,"column":4},"end":{"line":4,"column":27}},"2":{"start":{"line":5,"column":4},"end":{"line":5,"column":26}},"3":{"start":{"line":8,"column":17},"end":{"line":8,"column":39}},"4":{"start":{"line":10,"column":16},"end":{"line":10,"column":89}},"5":{"start":{"line":12,"column":23},"end":{"line":26,"column":3}},"6":{"start":{"line":13,"column":27},"end":{"line":19,"column":5}},"7":{"start":{"line":21,"column":20},"end":{"line":21,"column":86}},"8":{"start":{"line":22,"column":4},"end":{"line":24,"column":5}},"9":{"start":{"line":23,"column":6},"end":{"line":23,"column":23}},"10":{"start":{"line":25,"column":4},"end":{"line":25,"column":20}},"11":{"start":{"line":28,"column":22},"end":{"line":38,"column":3}},"12":{"start":{"line":29,"column":4},"end":{"line":36,"column":5}},"13":{"start":{"line":30,"column":22},"end":{"line":30,"column":107}},"14":{"start":{"line":31,"column":21},"end":{"line":31,"column":41}},"15":{"start":{"line":32,"column":6},"end":{"line":34,"column":7}},"16":{"start":{"line":33,"column":8},"end":{"line":33,"column":18}},"17":{"start":{"line":35,"column":6},"end":{"line":35,"column":20}},"18":{"start":{"line":37,"column":4},"end":{"line":37,"column":13}}},"fnMap":{"0":{"name":"(anonymous_0)","decl":{"start":{"line":2,"column":2},"end":{"line":2,"column":3}},"loc":{"start":{"line":2,"column":41},"end":{"line":6,"column":3}},"line":2},"1":{"name":"(anonymous_1)","decl":{"start":{"line":12,"column":23},"end":{"line":12,"column":24}},"loc":{"start":{"line":12,"column":42},"end":{"line":26,"column":3}},"line":12},"2":{"name":"(anonymous_2)","decl":{"start":{"line":28,"column":22},"end":{"line":28,"column":23}},"loc":{"start":{"line":28,"column":38},"end":{"line":38,"column":3}},"line":28}},"branchMap":{"0":{"loc":{"start":{"line":22,"column":4},"end":{"line":24,"column":5}},"type":"if","locations":[{"start":{"line":22,"column":4},"end":{"line":24,"column":5}},{"start":{},"end":{}}],"line":22},"1":{"loc":{"start":{"line":29,"column":4},"end":{"line":36,"column":5}},"type":"if","locations":[{"start":{"line":29,"column":4},"end":{"line":36,"column":5}},{"start":{},"end":{}}],"line":29},"2":{"loc":{"start":{"line":29,"column":8},"end":{"line":29,"column":32}},"type":"binary-expr","locations":[{"start":{"line":29,"column":8},"end":{"line":29,"column":24}},{"start":{"line":29,"column":28},"end":{"line":29,"column":32}}],"line":29},"3":{"loc":{"start":{"line":32,"column":6},"end":{"line":34,"column":7}},"type":"if","locations":[{"start":{"line":32,"column":6},"end":{"line":34,"column":7}},{"start":{},"end":{}}],"line":32}},"s":{"0":0,"1":0,"2":0,"3":1,"4":1,"5":1,"6":0,"7":0,"8":0,"9":0,"10":0,"11":1,"12":0,"13":0,"14":0,"15":0,"16":0,"17":0,"18":0},"f":{"0":0,"1":0,"2":0},"b":{"0":[0,0],"1":[0,0],"2":[0,0],"3":[0,0]},"_coverageSchema":"1a1c01bbd47fc00a2c39e90264f33305004495a9","hash":"6d68b55c1a7fa6e4d53b68c617925ade3ba3b6e4"}
,"/Users/aimemalaika/Documents/Microverse/awesome-tv/src/component/Likes.js": {"path":"/Users/aimemalaika/Documents/Microverse/awesome-tv/src/component/Likes.js","statementMap":{"0":{"start":{"line":5,"column":4},"end":{"line":5,"column":12}},"1":{"start":{"line":6,"column":4},"end":{"line":6,"column":26}},"2":{"start":{"line":9,"column":20},"end":{"line":30,"column":3}},"3":{"start":{"line":10,"column":4},"end":{"line":10,"column":101}},"4":{"start":{"line":11,"column":4},"end":{"line":11,"column":98}},"5":{"start":{"line":12,"column":27},"end":{"line":18,"column":5}},"6":{"start":{"line":20,"column":20},"end":{"line":20,"column":85}},"7":{"start":{"line":21,"column":4},"end":{"line":28,"column":5}},"8":{"start":{"line":22,"column":6},"end":{"line":22,"column":103}},"9":{"start":{"line":23,"column":6},"end":{"line":23,"column":98}},"10":{"start":{"line":24,"column":24},"end":{"line":24,"column":89}},"11":{"start":{"line":25,"column":6},"end":{"line":25,"column":66}},"12":{"start":{"line":26,"column":6},"end":{"line":26,"column":34}},"13":{"start":{"line":27,"column":6},"end":{"line":27,"column":23}},"14":{"start":{"line":29,"column":4},"end":{"line":29,"column":20}},"15":{"start":{"line":32,"column":20},"end":{"line":39,"column":3}},"16":{"start":{"line":33,"column":4},"end":{"line":37,"column":5}},"17":{"start":{"line":34,"column":22},"end":{"line":34,"column":131}},"18":{"start":{"line":35,"column":6},"end":{"line":35,"column":23}},"19":{"start":{"line":36,"column":6},"end":{"line":36,"column":71}},"20":{"start":{"line":38,"column":4},"end":{"line":38,"column":121}},"21":{"start":{"line":41,"column":22},"end":{"line":48,"column":3}},"22":{"start":{"line":42,"column":4},"end":{"line":46,"column":5}},"23":{"start":{"line":43,"column":22},"end":{"line":43,"column":90}},"24":{"start":{"line":44,"column":21},"end":{"line":44,"column":41}},"25":{"start":{"line":45,"column":6},"end":{"line":45,"column":20}},"26":{"start":{"line":47,"column":4},"end":{"line":47,"column":13}}},"fnMap":{"0":{"name":"(anonymous_0)","decl":{"start":{"line":4,"column":2},"end":{"line":4,"column":3}},"loc":{"start":{"line":4,"column":22},"end":{"line":7,"column":3}},"line":4},"1":{"name":"(anonymous_1)","decl":{"start":{"line":9,"column":20},"end":{"line":9,"column":21}},"loc":{"start":{"line":9,"column":36},"end":{"line":30,"column":3}},"line":9},"2":{"name":"(anonymous_2)","decl":{"start":{"line":32,"column":20},"end":{"line":32,"column":21}},"loc":{"start":{"line":32,"column":35},"end":{"line":39,"column":3}},"line":32},"3":{"name":"(anonymous_3)","decl":{"start":{"line":41,"column":22},"end":{"line":41,"column":23}},"loc":{"start":{"line":41,"column":34},"end":{"line":48,"column":3}},"line":41}},"branchMap":{"0":{"loc":{"start":{"line":21,"column":4},"end":{"line":28,"column":5}},"type":"if","locations":[{"start":{"line":21,"column":4},"end":{"line":28,"column":5}},{"start":{},"end":{}}],"line":21},"1":{"loc":{"start":{"line":32,"column":21},"end":{"line":32,"column":30}},"type":"default-arg","locations":[{"start":{"line":32,"column":26},"end":{"line":32,"column":30}}],"line":32},"2":{"loc":{"start":{"line":33,"column":4},"end":{"line":37,"column":5}},"type":"if","locations":[{"start":{"line":33,"column":4},"end":{"line":37,"column":5}},{"start":{},"end":{}}],"line":33},"3":{"loc":{"start":{"line":34,"column":22},"end":{"line":34,"column":131}},"type":"cond-expr","locations":[{"start":{"line":34,"column":75},"end":{"line":34,"column":77}},{"start":{"line":34,"column":80},"end":{"line":34,"column":131}}],"line":34},"4":{"loc":{"start":{"line":38,"column":11},"end":{"line":38,"column":120}},"type":"cond-expr","locations":[{"start":{"line":38,"column":64},"end":{"line":38,"column":66}},{"start":{"line":38,"column":69},"end":{"line":38,"column":120}}],"line":38},"5":{"loc":{"start":{"line":42,"column":4},"end":{"line":46,"column":5}},"type":"if","locations":[{"start":{"line":42,"column":4},"end":{"line":46,"column":5}},{"start":{},"end":{}}],"line":42}},"s":{"0":0,"1":0,"2":1,"3":0,"4":0,"5":0,"6":0,"7":0,"8":0,"9":0,"10":0,"11":0,"12":0,"13":0,"14":0,"15":1,"16":0,"17":0,"18":0,"19":0,"20":0,"21":1,"22":0,"23":0,"24":0,"25":0,"26":0},"f":{"0":0,"1":0,"2":0,"3":0},"b":{"0":[0,0],"1":[0],"2":[0,0],"3":[0,0],"4":[0,0],"5":[0,0]},"_coverageSchema":"1a1c01bbd47fc00a2c39e90264f33305004495a9","hash":"13d967a93703c85e267e4d8ae967e7eadeb05ace"}
,"/Users/aimemalaika/Documents/Microverse/awesome-tv/src/component/Show.js": {"path":"/Users/aimemalaika/Documents/Microverse/awesome-tv/src/component/Show.js","statementMap":{"0":{"start":{"line":5,"column":16},"end":{"line":5,"column":46}},"1":{"start":{"line":7,"column":21},"end":{"line":7,"column":58}},"2":{"start":{"line":9,"column":17},"end":{"line":9,"column":54}},"3":{"start":{"line":11,"column":23},"end":{"line":11,"column":62}},"4":{"start":{"line":13,"column":23},"end":{"line":13,"column":63}},"5":{"start":{"line":15,"column":21},"end":{"line":30,"column":3}},"6":{"start":{"line":16,"column":4},"end":{"line":28,"column":5}},"7":{"start":{"line":17,"column":22},"end":{"line":17,"column":75}},"8":{"start":{"line":18,"column":21},"end":{"line":18,"column":41}},"9":{"start":{"line":19,"column":6},"end":{"line":25,"column":7}},"10":{"start":{"line":20,"column":26},"end":{"line":20,"column":50}},"11":{"start":{"line":21,"column":8},"end":{"line":21,"column":38}},"12":{"start":{"line":22,"column":8},"end":{"line":24,"column":11}},"13":{"start":{"line":23,"column":10},"end":{"line":23,"column":44}},"14":{"start":{"line":26,"column":6},"end":{"line":26,"column":38}},"15":{"start":{"line":27,"column":6},"end":{"line":27,"column":27}},"16":{"start":{"line":29,"column":4},"end":{"line":29,"column":13}},"17":{"start":{"line":32,"column":23},"end":{"line":34,"column":3}},"18":{"start":{"line":33,"column":4},"end":{"line":33,"column":66}},"19":{"start":{"line":36,"column":20},"end":{"line":97,"column":3}},"20":{"start":{"line":38,"column":4},"end":{"line":43,"column":5}},"21":{"start":{"line":39,"column":22},"end":{"line":39,"column":87}},"22":{"start":{"line":39,"column":48},"end":{"line":39,"column":86}},"23":{"start":{"line":40,"column":6},"end":{"line":40,"column":60}},"24":{"start":{"line":42,"column":6},"end":{"line":42,"column":22}},"25":{"start":{"line":44,"column":23},"end":{"line":44,"column":52}},"26":{"start":{"line":45,"column":4},"end":{"line":45,"column":37}},"27":{"start":{"line":46,"column":19},"end":{"line":46,"column":46}},"28":{"start":{"line":47,"column":4},"end":{"line":47,"column":22}},"29":{"start":{"line":48,"column":4},"end":{"line":48,"column":64}},"30":{"start":{"line":48,"column":44},"end":{"line":48,"column":62}},"31":{"start":{"line":49,"column":4},"end":{"line":49,"column":35}},"32":{"start":{"line":50,"column":25},"end":{"line":50,"column":36}},"33":{"start":{"line":51,"column":4},"end":{"line":51,"column":42}},"34":{"start":{"line":52,"column":23},"end":{"line":52,"column":55}},"35":{"start":{"line":53,"column":4},"end":{"line":53,"column":38}},"36":{"start":{"line":54,"column":4},"end":{"line":54,"column":62}},"37":{"start":{"line":55,"column":4},"end":{"line":55,"column":54}},"38":{"start":{"line":56,"column":4},"end":{"line":59,"column":7}},"39":{"start":{"line":57,"column":6},"end":{"line":57,"column":66}},"40":{"start":{"line":58,"column":6},"end":{"line":58,"column":71}},"41":{"start":{"line":60,"column":27},"end":{"line":60,"column":59}},"42":{"start":{"line":61,"column":4},"end":{"line":61,"column":70}},"43":{"start":{"line":62,"column":4},"end":{"line":62,"column":46}},"44":{"start":{"line":63,"column":4},"end":{"line":63,"column":62}},"45":{"start":{"line":64,"column":4},"end":{"line":64,"column":32}},"46":{"start":{"line":65,"column":4},"end":{"line":65,"column":30}},"47":{"start":{"line":66,"column":22},"end":{"line":66,"column":50}},"48":{"start":{"line":67,"column":26},"end":{"line":67,"column":53}},"49":{"start":{"line":68,"column":4},"end":{"line":68,"column":29}},"50":{"start":{"line":69,"column":4},"end":{"line":69,"column":71}},"51":{"start":{"line":69,"column":51},"end":{"line":69,"column":69}},"52":{"start":{"line":70,"column":4},"end":{"line":70,"column":41}},"53":{"start":{"line":71,"column":4},"end":{"line":71,"column":41}},"54":{"start":{"line":72,"column":4},"end":{"line":72,"column":36}},"55":{"start":{"line":73,"column":4},"end":{"line":73,"column":33}},"56":{"start":{"line":74,"column":21},"end":{"line":74,"column":48}},"57":{"start":{"line":75,"column":4},"end":{"line":75,"column":35}},"58":{"start":{"line":76,"column":23},"end":{"line":76,"column":55}},"59":{"start":{"line":77,"column":4},"end":{"line":77,"column":41}},"60":{"start":{"line":78,"column":4},"end":{"line":78,"column":49}},"61":{"start":{"line":79,"column":4},"end":{"line":83,"column":5}},"62":{"start":{"line":80,"column":6},"end":{"line":80,"column":87}},"63":{"start":{"line":82,"column":6},"end":{"line":82,"column":89}},"64":{"start":{"line":84,"column":4},"end":{"line":90,"column":7}},"65":{"start":{"line":85,"column":6},"end":{"line":89,"column":7}},"66":{"start":{"line":86,"column":23},"end":{"line":86,"column":57}},"67":{"start":{"line":87,"column":21},"end":{"line":87,"column":38}},"68":{"start":{"line":88,"column":8},"end":{"line":88,"column":29}},"69":{"start":{"line":91,"column":4},"end":{"line":91,"column":121}},"70":{"start":{"line":92,"column":4},"end":{"line":92,"column":32}},"71":{"start":{"line":93,"column":4},"end":{"line":93,"column":34}},"72":{"start":{"line":94,"column":4},"end":{"line":94,"column":38}},"73":{"start":{"line":95,"column":4},"end":{"line":95,"column":32}},"74":{"start":{"line":96,"column":4},"end":{"line":96,"column":38}},"75":{"start":{"line":99,"column":22},"end":{"line":111,"column":3}},"76":{"start":{"line":100,"column":4},"end":{"line":110,"column":5}},"77":{"start":{"line":101,"column":22},"end":{"line":101,"column":74}},"78":{"start":{"line":102,"column":21},"end":{"line":102,"column":41}},"79":{"start":{"line":103,"column":6},"end":{"line":109,"column":7}},"80":{"start":{"line":104,"column":29},"end":{"line":104,"column":64}},"81":{"start":{"line":105,"column":26},"end":{"line":105,"column":50}},"82":{"start":{"line":106,"column":8},"end":{"line":106,"column":61}},"83":{"start":{"line":107,"column":8},"end":{"line":107,"column":30}},"84":{"start":{"line":108,"column":8},"end":{"line":108,"column":54}},"85":{"start":{"line":113,"column":26},"end":{"line":194,"column":3}},"86":{"start":{"line":115,"column":4},"end":{"line":120,"column":5}},"87":{"start":{"line":116,"column":22},"end":{"line":116,"column":88}},"88":{"start":{"line":116,"column":48},"end":{"line":116,"column":87}},"89":{"start":{"line":117,"column":6},"end":{"line":117,"column":60}},"90":{"start":{"line":119,"column":6},"end":{"line":119,"column":22}},"91":{"start":{"line":121,"column":4},"end":{"line":121,"column":30}},"92":{"start":{"line":122,"column":19},"end":{"line":122,"column":30}},"93":{"start":{"line":123,"column":4},"end":{"line":123,"column":39}},"94":{"start":{"line":124,"column":4},"end":{"line":124,"column":41}},"95":{"start":{"line":125,"column":22},"end":{"line":125,"column":51}},"96":{"start":{"line":126,"column":4},"end":{"line":126,"column":29}},"97":{"start":{"line":127,"column":17},"end":{"line":127,"column":45}},"98":{"start":{"line":128,"column":4},"end":{"line":128,"column":27}},"99":{"start":{"line":129,"column":18},"end":{"line":129,"column":45}},"100":{"start":{"line":130,"column":4},"end":{"line":130,"column":73}},"101":{"start":{"line":131,"column":21},"end":{"line":131,"column":48}},"102":{"start":{"line":132,"column":27},"end":{"line":132,"column":46}},"103":{"start":{"line":133,"column":4},"end":{"line":133,"column":87}},"104":{"start":{"line":134,"column":23},"end":{"line":134,"column":52}},"105":{"start":{"line":135,"column":4},"end":{"line":135,"column":43}},"106":{"start":{"line":136,"column":4},"end":{"line":136,"column":29}},"107":{"start":{"line":137,"column":4},"end":{"line":137,"column":32}},"108":{"start":{"line":138,"column":4},"end":{"line":138,"column":33}},"109":{"start":{"line":139,"column":24},"end":{"line":139,"column":53}},"110":{"start":{"line":140,"column":4},"end":{"line":140,"column":50}},"111":{"start":{"line":141,"column":21},"end":{"line":141,"column":49}},"112":{"start":{"line":142,"column":4},"end":{"line":142,"column":47}},"113":{"start":{"line":143,"column":4},"end":{"line":143,"column":48}},"114":{"start":{"line":144,"column":4},"end":{"line":144,"column":33}},"115":{"start":{"line":145,"column":17},"end":{"line":145,"column":44}},"116":{"start":{"line":146,"column":4},"end":{"line":146,"column":44}},"117":{"start":{"line":147,"column":4},"end":{"line":147,"column":29}},"118":{"start":{"line":148,"column":21},"end":{"line":148,"column":48}},"119":{"start":{"line":149,"column":4},"end":{"line":149,"column":56}},"120":{"start":{"line":150,"column":4},"end":{"line":150,"column":33}},"121":{"start":{"line":151,"column":19},"end":{"line":151,"column":46}},"122":{"start":{"line":152,"column":4},"end":{"line":152,"column":59}},"123":{"start":{"line":153,"column":4},"end":{"line":153,"column":31}},"124":{"start":{"line":154,"column":20},"end":{"line":154,"column":47}},"125":{"start":{"line":155,"column":4},"end":{"line":155,"column":53}},"126":{"start":{"line":156,"column":4},"end":{"line":156,"column":32}},"127":{"start":{"line":157,"column":25},"end":{"line":157,"column":52}},"128":{"start":{"line":158,"column":4},"end":{"line":158,"column":121}},"129":{"start":{"line":159,"column":4},"end":{"line":159,"column":37}},"130":{"start":{"line":160,"column":19},"end":{"line":160,"column":46}},"131":{"start":{"line":161,"column":4},"end":{"line":161,"column":50}},"132":{"start":{"line":162,"column":4},"end":{"line":162,"column":32}},"133":{"start":{"line":163,"column":20},"end":{"line":163,"column":47}},"134":{"start":{"line":164,"column":4},"end":{"line":164,"column":53}},"135":{"start":{"line":165,"column":4},"end":{"line":165,"column":32}},"136":{"start":{"line":166,"column":21},"end":{"line":166,"column":49}},"137":{"start":{"line":167,"column":19},"end":{"line":167,"column":47}},"138":{"start":{"line":168,"column":4},"end":{"line":168,"column":57}},"139":{"start":{"line":169,"column":4},"end":{"line":169,"column":28}},"140":{"start":{"line":170,"column":20},"end":{"line":170,"column":48}},"141":{"start":{"line":171,"column":4},"end":{"line":171,"column":66}},"142":{"start":{"line":172,"column":4},"end":{"line":172,"column":29}},"143":{"start":{"line":173,"column":4},"end":{"line":173,"column":33}},"144":{"start":{"line":174,"column":4},"end":{"line":174,"column":33}},"145":{"start":{"line":175,"column":4},"end":{"line":175,"column":35}},"146":{"start":{"line":176,"column":4},"end":{"line":176,"column":36}},"147":{"start":{"line":177,"column":4},"end":{"line":193,"column":7}},"148":{"start":{"line":178,"column":20},"end":{"line":178,"column":47}},"149":{"start":{"line":179,"column":25},"end":{"line":181,"column":7}},"150":{"start":{"line":182,"column":27},"end":{"line":182,"column":43}},"151":{"start":{"line":183,"column":29},"end":{"line":183,"column":47}},"152":{"start":{"line":184,"column":6},"end":{"line":192,"column":8}},"153":{"start":{"line":196,"column":26},"end":{"line":250,"column":3}},"154":{"start":{"line":197,"column":4},"end":{"line":197,"column":36}},"155":{"start":{"line":198,"column":23},"end":{"line":198,"column":52}},"156":{"start":{"line":199,"column":4},"end":{"line":199,"column":40}},"157":{"start":{"line":200,"column":26},"end":{"line":200,"column":54}},"158":{"start":{"line":201,"column":4},"end":{"line":201,"column":44}},"159":{"start":{"line":202,"column":4},"end":{"line":202,"column":50}},"160":{"start":{"line":203,"column":24},"end":{"line":203,"column":54}},"161":{"start":{"line":204,"column":4},"end":{"line":204,"column":46}},"162":{"start":{"line":205,"column":21},"end":{"line":205,"column":52}},"163":{"start":{"line":206,"column":4},"end":{"line":206,"column":27}},"164":{"start":{"line":207,"column":4},"end":{"line":207,"column":45}},"165":{"start":{"line":208,"column":20},"end":{"line":208,"column":54}},"166":{"start":{"line":209,"column":4},"end":{"line":209,"column":24}},"167":{"start":{"line":210,"column":4},"end":{"line":210,"column":24}},"168":{"start":{"line":211,"column":4},"end":{"line":211,"column":42}},"169":{"start":{"line":212,"column":19},"end":{"line":212,"column":51}},"170":{"start":{"line":213,"column":4},"end":{"line":213,"column":27}},"171":{"start":{"line":214,"column":4},"end":{"line":214,"column":47}},"172":{"start":{"line":215,"column":4},"end":{"line":215,"column":33}},"173":{"start":{"line":216,"column":19},"end":{"line":216,"column":50}},"174":{"start":{"line":217,"column":4},"end":{"line":217,"column":26}},"175":{"start":{"line":218,"column":4},"end":{"line":218,"column":27}},"176":{"start":{"line":219,"column":4},"end":{"line":242,"column":7}},"177":{"start":{"line":220,"column":6},"end":{"line":220,"column":25}},"178":{"start":{"line":221,"column":6},"end":{"line":241,"column":7}},"179":{"start":{"line":222,"column":24},"end":{"line":222,"column":80}},"180":{"start":{"line":223,"column":8},"end":{"line":223,"column":37}},"181":{"start":{"line":224,"column":22},"end":{"line":224,"column":32}},"182":{"start":{"line":225,"column":27},"end":{"line":227,"column":9}},"183":{"start":{"line":228,"column":29},"end":{"line":228,"column":45}},"184":{"start":{"line":229,"column":31},"end":{"line":229,"column":49}},"185":{"start":{"line":230,"column":8},"end":{"line":238,"column":8}},"186":{"start":{"line":239,"column":8},"end":{"line":239,"column":28}},"187":{"start":{"line":240,"column":8},"end":{"line":240,"column":27}},"188":{"start":{"line":243,"column":4},"end":{"line":243,"column":31}},"189":{"start":{"line":244,"column":4},"end":{"line":244,"column":33}},"190":{"start":{"line":245,"column":4},"end":{"line":245,"column":32}},"191":{"start":{"line":246,"column":4},"end":{"line":246,"column":31}},"192":{"start":{"line":247,"column":4},"end":{"line":247,"column":37}},"193":{"start":{"line":248,"column":4},"end":{"line":248,"column":35}},"194":{"start":{"line":249,"column":4},"end":{"line":249,"column":40}}},"fnMap":{"0":{"name":"(anonymous_0)","decl":{"start":{"line":15,"column":21},"end":{"line":15,"column":22}},"loc":{"start":{"line":15,"column":33},"end":{"line":30,"column":3}},"line":15},"1":{"name":"(anonymous_1)","decl":{"start":{"line":22,"column":23},"end":{"line":22,"column":24}},"loc":{"start":{"line":22,"column":36},"end":{"line":24,"column":9}},"line":22},"2":{"name":"(anonymous_2)","decl":{"start":{"line":32,"column":23},"end":{"line":32,"column":24}},"loc":{"start":{"line":32,"column":34},"end":{"line":34,"column":3}},"line":32},"3":{"name":"(anonymous_3)","decl":{"start":{"line":36,"column":20},"end":{"line":36,"column":21}},"loc":{"start":{"line":36,"column":42},"end":{"line":97,"column":3}},"line":36},"4":{"name":"(anonymous_4)","decl":{"start":{"line":39,"column":39},"end":{"line":39,"column":40}},"loc":{"start":{"line":39,"column":48},"end":{"line":39,"column":86}},"line":39},"5":{"name":"(anonymous_5)","decl":{"start":{"line":48,"column":37},"end":{"line":48,"column":38}},"loc":{"start":{"line":48,"column":44},"end":{"line":48,"column":62}},"line":48},"6":{"name":"(anonymous_6)","decl":{"start":{"line":56,"column":41},"end":{"line":56,"column":42}},"loc":{"start":{"line":56,"column":47},"end":{"line":59,"column":5}},"line":56},"7":{"name":"(anonymous_7)","decl":{"start":{"line":69,"column":44},"end":{"line":69,"column":45}},"loc":{"start":{"line":69,"column":51},"end":{"line":69,"column":69}},"line":69},"8":{"name":"(anonymous_8)","decl":{"start":{"line":84,"column":41},"end":{"line":84,"column":42}},"loc":{"start":{"line":84,"column":47},"end":{"line":90,"column":5}},"line":84},"9":{"name":"(anonymous_9)","decl":{"start":{"line":99,"column":22},"end":{"line":99,"column":23}},"loc":{"start":{"line":99,"column":36},"end":{"line":111,"column":3}},"line":99},"10":{"name":"(anonymous_10)","decl":{"start":{"line":113,"column":26},"end":{"line":113,"column":27}},"loc":{"start":{"line":113,"column":63},"end":{"line":194,"column":3}},"line":113},"11":{"name":"(anonymous_11)","decl":{"start":{"line":116,"column":39},"end":{"line":116,"column":40}},"loc":{"start":{"line":116,"column":48},"end":{"line":116,"column":87}},"line":116},"12":{"name":"(anonymous_12)","decl":{"start":{"line":177,"column":25},"end":{"line":177,"column":26}},"loc":{"start":{"line":177,"column":34},"end":{"line":193,"column":5}},"line":177},"13":{"name":"(anonymous_13)","decl":{"start":{"line":196,"column":26},"end":{"line":196,"column":27}},"loc":{"start":{"line":196,"column":32},"end":{"line":250,"column":3}},"line":196},"14":{"name":"(anonymous_14)","decl":{"start":{"line":219,"column":37},"end":{"line":219,"column":38}},"loc":{"start":{"line":219,"column":44},"end":{"line":242,"column":5}},"line":219}},"branchMap":{"0":{"loc":{"start":{"line":16,"column":4},"end":{"line":28,"column":5}},"type":"if","locations":[{"start":{"line":16,"column":4},"end":{"line":28,"column":5}},{"start":{},"end":{}}],"line":16},"1":{"loc":{"start":{"line":19,"column":6},"end":{"line":25,"column":7}},"type":"if","locations":[{"start":{"line":19,"column":6},"end":{"line":25,"column":7}},{"start":{},"end":{}}],"line":19},"2":{"loc":{"start":{"line":38,"column":4},"end":{"line":43,"column":5}},"type":"if","locations":[{"start":{"line":38,"column":4},"end":{"line":43,"column":5}},{"start":{"line":41,"column":11},"end":{"line":43,"column":5}}],"line":38},"3":{"loc":{"start":{"line":40,"column":20},"end":{"line":40,"column":59}},"type":"cond-expr","locations":[{"start":{"line":40,"column":39},"end":{"line":40,"column":55}},{"start":{"line":40,"column":58},"end":{"line":40,"column":59}}],"line":40},"4":{"loc":{"start":{"line":79,"column":4},"end":{"line":83,"column":5}},"type":"if","locations":[{"start":{"line":79,"column":4},"end":{"line":83,"column":5}},{"start":{"line":81,"column":11},"end":{"line":83,"column":5}}],"line":79},"5":{"loc":{"start":{"line":85,"column":6},"end":{"line":89,"column":7}},"type":"if","locations":[{"start":{"line":85,"column":6},"end":{"line":89,"column":7}},{"start":{},"end":{}}],"line":85},"6":{"loc":{"start":{"line":100,"column":4},"end":{"line":110,"column":5}},"type":"if","locations":[{"start":{"line":100,"column":4},"end":{"line":110,"column":5}},{"start":{},"end":{}}],"line":100},"7":{"loc":{"start":{"line":103,"column":6},"end":{"line":109,"column":7}},"type":"if","locations":[{"start":{"line":103,"column":6},"end":{"line":109,"column":7}},{"start":{},"end":{}}],"line":103},"8":{"loc":{"start":{"line":115,"column":4},"end":{"line":120,"column":5}},"type":"if","locations":[{"start":{"line":115,"column":4},"end":{"line":120,"column":5}},{"start":{"line":118,"column":11},"end":{"line":120,"column":5}}],"line":115},"9":{"loc":{"start":{"line":117,"column":20},"end":{"line":117,"column":59}},"type":"cond-expr","locations":[{"start":{"line":117,"column":39},"end":{"line":117,"column":55}},{"start":{"line":117,"column":58},"end":{"line":117,"column":59}}],"line":117},"10":{"loc":{"start":{"line":221,"column":6},"end":{"line":241,"column":7}},"type":"if","locations":[{"start":{"line":221,"column":6},"end":{"line":241,"column":7}},{"start":{},"end":{}}],"line":221},"11":{"loc":{"start":{"line":221,"column":10},"end":{"line":221,"column":55}},"type":"binary-expr","locations":[{"start":{"line":221,"column":10},"end":{"line":221,"column":31}},{"start":{"line":221,"column":35},"end":{"line":221,"column":55}}],"line":221}},"s":{"0":1,"1":1,"2":1,"3":1,"4":1,"5":1,"6":1,"7":1,"8":1,"9":1,"10":0,"11":0,"12":0,"13":0,"14":1,"15":1,"16":0,"17":1,"18":1,"19":1,"20":0,"21":0,"22":0,"23":0,"24":0,"25":0,"26":0,"27":0,"28":0,"29":0,"30":0,"31":0,"32":0,"33":0,"34":0,"35":0,"36":0,"37":0,"38":0,"39":0,"40":0,"41":0,"42":0,"43":0,"44":0,"45":0,"46":0,"47":0,"48":0,"49":0,"50":0,"51":0,"52":0,"53":0,"54":0,"55":0,"56":0,"57":0,"58":0,"59":0,"60":0,"61":0,"62":0,"63":0,"64":0,"65":0,"66":0,"67":0,"68":0,"69":0,"70":0,"71":0,"72":0,"73":0,"74":0,"75":1,"76":0,"77":0,"78":0,"79":0,"80":0,"81":0,"82":0,"83":0,"84":0,"85":1,"86":0,"87":0,"88":0,"89":0,"90":0,"91":0,"92":0,"93":0,"94":0,"95":0,"96":0,"97":0,"98":0,"99":0,"100":0,"101":0,"102":0,"103":0,"104":0,"105":0,"106":0,"107":0,"108":0,"109":0,"110":0,"111":0,"112":0,"113":0,"114":0,"115":0,"116":0,"117":0,"118":0,"119":0,"120":0,"121":0,"122":0,"123":0,"124":0,"125":0,"126":0,"127":0,"128":0,"129":0,"130":0,"131":0,"132":0,"133":0,"134":0,"135":0,"136":0,"137":0,"138":0,"139":0,"140":0,"141":0,"142":0,"143":0,"144":0,"145":0,"146":0,"147":0,"148":0,"149":0,"150":0,"151":0,"152":0,"153":1,"154":0,"155":0,"156":0,"157":0,"158":0,"159":0,"160":0,"161":0,"162":0,"163":0,"164":0,"165":0,"166":0,"167":0,"168":0,"169":0,"170":0,"171":0,"172":0,"173":0,"174":0,"175":0,"176":0,"177":0,"178":0,"179":0,"180":0,"181":0,"182":0,"183":0,"184":0,"185":0,"186":0,"187":0,"188":0,"189":0,"190":0,"191":0,"192":0,"193":0,"194":0},"f":{"0":1,"1":0,"2":1,"3":0,"4":0,"5":0,"6":0,"7":0,"8":0,"9":0,"10":0,"11":0,"12":0,"13":0,"14":0},"b":{"0":[1,0],"1":[0,1],"2":[0,0],"3":[0,0],"4":[0,0],"5":[0,0],"6":[0,0],"7":[0,0],"8":[0,0],"9":[0,0],"10":[0,0],"11":[0,0]},"_coverageSchema":"1a1c01bbd47fc00a2c39e90264f33305004495a9","hash":"33466e6f7d8ad49953ecd5c789c8ceee19671b92"}
}
